<?xml version="1.0" encoding="UTF-8"?>
<!-- Generated by org.testng.reporters.JUnitReportReporter -->
<testsuite hostname="MKNB942" failures="0" tests="1" name="testCases.ccTestCase" time="61.889" errors="0" timestamp="21 Aug 2019 13:23:42 GMT" skipped="0">
  <testcase classname="testCases.ccTestCase" name="customercapture" time="61.889"/>
</testsuite> <!-- testCases.ccTestCase -->
