<?xml version="1.0" encoding="UTF-8"?>
<!-- Generated by org.testng.reporters.JUnitReportReporter -->
<testsuite hostname="MKNB942" failures="0" tests="1" name="testCases.quote" time="91.327" errors="0" timestamp="04 Sep 2019 12:36:40 GMT" skipped="0">
  <testcase classname="testCases.quote" name="customercapture" time="91.327"/>
</testsuite> <!-- testCases.quote -->
