<?xml version="1.0" encoding="UTF-8"?>
<!-- Generated by org.testng.reporters.JUnitReportReporter -->
<testsuite hostname="MKNB942" failures="0" tests="1" name="testCases.ccTestCase" time="52.056" errors="0" timestamp="04 Sep 2019 11:38:16 GMT" skipped="0">
  <testcase classname="testCases.ccTestCase" name="customercapture" time="52.056"/>
</testsuite> <!-- testCases.ccTestCase -->
