<?xml version="1.0" encoding="UTF-8"?>
<!-- Generated by org.testng.reporters.JUnitReportReporter -->
<testsuite hostname="MKNB942" failures="0" tests="1" name="testCases.loginTestCase" time="5.439" errors="0" timestamp="21 Aug 2019 13:01:58 GMT" skipped="0">
  <testcase classname="testCases.loginTestCase" name="login" time="5.439"/>
</testsuite> <!-- testCases.loginTestCase -->
